# JRE version: OpenJDK Runtime Environment (8.0_232-b09) (build 1.8.0_232-b09)
# Java VM: OpenJDK 64-Bit Server VM (25.232-b09 mixed mode linux-amd64 compressed oops)
Heap:
 def new generation   total 4928K, used 4789K [0x00000000c0000000, 0x00000000c0550000, 0x00000000d5550000)
  eden space 4416K,  96% used [0x00000000c0000000, 0x00000000c042d528, 0x00000000c0450000)
  from space 512K, 100% used [0x00000000c0450000, 0x00000000c04d0000, 0x00000000c04d0000)
  to   space 512K,   0% used [0x00000000c04d0000, 0x00000000c04d0000, 0x00000000c0550000)
 tenured generation   total 10944K, used 1102K [0x00000000d5550000, 0x00000000d6000000, 0x0000000100000000)
   the space 10944K,  10% used [0x00000000d5550000, 0x00000000d5663a88, 0x00000000d5663c00, 0x00000000d6000000)
 Metaspace       used 5989K, capacity 6054K, committed 6144K, reserved 1056768K
  class space    used 686K, capacity 721K, committed 768K, reserved 1048576K
GC Heap History (4 events):
Event: 0.576 GC heap before
{Heap before GC invocations=0 (full 0):
 def new generation   total 4928K, used 4416K [0x00000000c0000000, 0x00000000c0550000, 0x00000000d5550000)
  eden space 4416K, 100% used [0x00000000c0000000, 0x00000000c0450000, 0x00000000c0450000)
  from space 512K,   0% used [0x00000000c0450000, 0x00000000c0450000, 0x00000000c04d0000)
  to   space 512K,   0% used [0x00000000c04d0000, 0x00000000c04d0000, 0x00000000c0550000)
 tenured generation   total 10944K, used 0K [0x00000000d5550000, 0x00000000d6000000, 0x0000000100000000)
   the space 10944K,   0% used [0x00000000d5550000, 0x00000000d5550000, 0x00000000d5550200, 0x00000000d6000000)
 Metaspace       used 3677K, capacity 4830K, committed 5120K, reserved 1056768K
  class space    used 387K, capacity 457K, committed 512K, reserved 1048576K
Event: 0.579 GC heap after
Heap after GC invocations=1 (full 0):
 def new generation   total 4928K, used 511K [0x00000000c0000000, 0x00000000c0550000, 0x00000000d5550000)
  eden space 4416K,   0% used [0x00000000c0000000, 0x00000000c0000000, 0x00000000c0450000)
  from space 512K,  99% used [0x00000000c04d0000, 0x00000000c054fff8, 0x00000000c0550000)
  to   space 512K,   0% used [0x00000000c0450000, 0x00000000c0450000, 0x00000000c04d0000)
 tenured generation   total 10944K, used 552K [0x00000000d5550000, 0x00000000d6000000, 0x0000000100000000)
   the space 10944K,   5% used [0x00000000d5550000, 0x00000000d55da350, 0x00000000d55da400, 0x00000000d6000000)
 Metaspace       used 3677K, capacity 4830K, committed 5120K, reserved 1056768K
  class space    used 387K, capacity 457K, committed 512K, reserved 1048576K
}
Event: 1.110 GC heap before
{Heap before GC invocations=1 (full 0):
 def new generation   total 4928K, used 4927K [0x00000000c0000000, 0x00000000c0550000, 0x00000000d5550000)
  eden space 4416K, 100% used [0x00000000c0000000, 0x00000000c0450000, 0x00000000c0450000)
  from space 512K,  99% used [0x00000000c04d0000, 0x00000000c054fff8, 0x00000000c0550000)
  to   space 512K,   0% used [0x00000000c0450000, 0x00000000c0450000, 0x00000000c04d0000)
 tenured generation   total 10944K, used 552K [0x00000000d5550000, 0x00000000d6000000, 0x0000000100000000)
   the space 10944K,   5% used [0x00000000d5550000, 0x00000000d55da350, 0x00000000d55da400, 0x00000000d6000000)
 Metaspace       used 4492K, capacity 5254K, committed 5504K, reserved 1056768K
  class space    used 504K, capacity 561K, committed 640K, reserved 1048576K
Event: 1.113 GC heap after
Heap after GC invocations=2 (full 0):
 def new generation   total 4928K, used 512K [0x00000000c0000000, 0x00000000c0550000, 0x00000000d5550000)
  eden space 4416K,   0% used [0x00000000c0000000, 0x00000000c0000000, 0x00000000c0450000)
  from space 512K, 100% used [0x00000000c0450000, 0x00000000c04d0000, 0x00000000c04d0000)
  to   space 512K,   0% used [0x00000000c04d0000, 0x00000000c04d0000, 0x00000000c0550000)
 tenured generation   total 10944K, used 1102K [0x00000000d5550000, 0x00000000d6000000, 0x0000000100000000)
   the space 10944K,  10% used [0x00000000d5550000, 0x00000000d5663a88, 0x00000000d5663c00, 0x00000000d6000000)
 Metaspace       used 4492K, capacity 5254K, committed 5504K, reserved 1056768K
  class space    used 504K, capacity 561K, committed 640K, reserved 1048576K
}

